<?xml version="1.0" encoding="UTF-8"?>
<!-- Generated by org.testng.reporters.JUnitReportReporter -->
<testsuite ignored="0" hostname="Latitude-E6320" failures="0" tests="1" name="org.testing.testScripts.TC2_LongPressEvent_APPdemo" time="15.972" errors="0" timestamp="14 Jun 2024 02:57:17 GMT" skipped="0">
  <testcase classname="org.testing.testScripts.TC2_LongPressEvent_APPdemo" name="execution" time="15.972"/>
</testsuite> <!-- org.testing.testScripts.TC2_LongPressEvent_APPdemo -->
