<?xml version="1.0" encoding="UTF-8"?>
<!-- Generated by org.testng.reporters.JUnitReportReporter -->
<testsuite ignored="0" hostname="Latitude-E6320" failures="0" tests="1" name="org.testing.testScripts.TC4_DemoApp" time="22.823" errors="0" timestamp="20 Jun 2024 03:38:14 GMT" skipped="0">
  <testcase classname="org.testing.testScripts.TC4_DemoApp" name="execution" time="22.823"/>
</testsuite> <!-- org.testing.testScripts.TC4_DemoApp -->
