<?xml version="1.0" encoding="UTF-8"?>
<!-- Generated by org.testng.reporters.JUnitReportReporter -->
<testsuite ignored="0" hostname="Latitude-E6320" failures="0" tests="1" name="org.testing.testScripts.TC9_GeneralStoreApp" time="45.328" errors="0" timestamp="20 Jun 2024 05:54:53 GMT" skipped="0">
  <testcase classname="org.testing.testScripts.TC9_GeneralStoreApp" name="execution" time="45.328"/>
</testsuite> <!-- org.testing.testScripts.TC9_GeneralStoreApp -->
