<?xml version="1.0" encoding="UTF-8"?>
<!-- Generated by org.testng.reporters.JUnitReportReporter -->
<testsuite ignored="0" hostname="Latitude-E6320" failures="0" tests="1" name="org.testing.testScripts.TC2_DemoApp" time="20.412" errors="0" timestamp="19 Jun 2024 22:52:20 GMT" skipped="0">
  <testcase classname="org.testing.testScripts.TC2_DemoApp" name="execution" time="20.412"/>
</testsuite> <!-- org.testing.testScripts.TC2_DemoApp -->
