<?xml version="1.0" encoding="UTF-8"?>
<!-- Generated by org.testng.reporters.JUnitReportReporter -->
<testsuite ignored="0" hostname="Latitude-E6320" failures="0" tests="1" name="org.testing.testScripts.TC5_DemoApp" time="14.698" errors="0" timestamp="20 Jun 2024 03:58:13 GMT" skipped="0">
  <testcase classname="org.testing.testScripts.TC5_DemoApp" name="execution" time="14.698"/>
</testsuite> <!-- org.testing.testScripts.TC5_DemoApp -->
